
CommandNotFoundError: Your shell has not been properly configured to use 'conda deactivate'.
To initialize your shell, run

    $ conda init <SHELL_NAME>

Currently supported shells are:
  - bash
  - fish
  - tcsh
  - xonsh
  - zsh
  - powershell

See 'conda init --help' for more information and options.

IMPORTANT: You may need to close and restart your shell after running 'conda init'.


/gpfs/gibbs/project/emonet/asr93/conda_envs/EmonetLab/lib/python3.10/site-packages/gym/spaces/box.py:127: UserWarning: [33mWARN: Box bound precision lowered by casting to float32[0m
  logger.warn(f"Box bound precision lowered by casting to {self.dtype}")
Using cpu device
Wrapping the env with a `Monitor` wrapper
Wrapping the env in a DummyVecEnv.
----------------------------------
| rollout/           |           |
|    ep_len_mean     | 276       |
|    ep_rew_mean     | -3.23e+03 |
| time/              |           |
|    fps             | 438       |
|    iterations      | 1         |
|    time_elapsed    | 1         |
|    total_timesteps | 512       |
----------------------------------
-------------------------------------------
| rollout/                |               |
|    ep_len_mean          | 293           |
|    ep_rew_mean          | -3.28e+03     |
| time/                   |               |
|    fps                  | 176           |
|    iterations           | 2             |
|    time_elapsed         | 5             |
|    total_timesteps      | 1024          |
| train/                  |               |
|    approx_kl            | 2.8134906e-05 |
|    clip_fraction        | 0             |
|    clip_range           | 0.2           |
|    entropy_loss         | -1.39         |
|    explained_variance   | 0.000222      |
|    learning_rate        | 0.0003        |
|    loss                 | 1.74e+04      |
|    n_updates            | 10            |
|    policy_gradient_loss | -0.000807     |
|    value_loss           | 3.49e+04      |
-------------------------------------------
-------------------------------------------
| rollout/                |               |
|    ep_len_mean          | 292           |
|    ep_rew_mean          | -3.26e+03     |
| time/                   |               |
|    fps                  | 147           |
|    iterations           | 3             |
|    time_elapsed         | 10            |
|    total_timesteps      | 1536          |
| train/                  |               |
|    approx_kl            | 2.6533962e-05 |
|    clip_fraction        | 0             |
|    clip_range           | 0.2           |
|    entropy_loss         | -1.39         |
|    explained_variance   | 3.98e-05      |
|    learning_rate        | 0.0003        |
|    loss                 | 1.43e+04      |
|    n_updates            | 20            |
|    policy_gradient_loss | -0.000733     |
|    value_loss           | 2.86e+04      |
-------------------------------------------
-------------------------------------------
| rollout/                |               |
|    ep_len_mean          | 296           |
|    ep_rew_mean          | -3.27e+03     |
| time/                   |               |
|    fps                  | 141           |
|    iterations           | 4             |
|    time_elapsed         | 14            |
|    total_timesteps      | 2048          |
| train/                  |               |
|    approx_kl            | 1.8351362e-05 |
|    clip_fraction        | 0             |
|    clip_range           | 0.2           |
|    entropy_loss         | -1.39         |
|    explained_variance   | 0.000304      |
|    learning_rate        | 0.0003        |
|    loss                 | 1.59e+04      |
|    n_updates            | 30            |
|    policy_gradient_loss | -0.000468     |
|    value_loss           | 3.18e+04      |
-------------------------------------------
-------------------------------------------
| rollout/                |               |
|    ep_len_mean          | 297           |
|    ep_rew_mean          | -3.24e+03     |
| time/                   |               |
|    fps                  | 135           |
|    iterations           | 5             |
|    time_elapsed         | 18            |
|    total_timesteps      | 2560          |
| train/                  |               |
|    approx_kl            | 1.8457416e-05 |
|    clip_fraction        | 0             |
|    clip_range           | 0.2           |
|    entropy_loss         | -1.39         |
|    explained_variance   | 0.00108       |
|    learning_rate        | 0.0003        |
|    loss                 | 1.45e+04      |
|    n_updates            | 40            |
|    policy_gradient_loss | -0.000646     |
|    value_loss           | 2.91e+04      |
-------------------------------------------
-------------------------------------------
| rollout/                |               |
|    ep_len_mean          | 300           |
|    ep_rew_mean          | -3.24e+03     |
| time/                   |               |
|    fps                  | 132           |
|    iterations           | 6             |
|    time_elapsed         | 23            |
|    total_timesteps      | 3072          |
| train/                  |               |
|    approx_kl            | 1.2192177e-05 |
|    clip_fraction        | 0             |
|    clip_range           | 0.2           |
|    entropy_loss         | -1.39         |
|    explained_variance   | 0.000398      |
|    learning_rate        | 0.0003        |
|    loss                 | 1.52e+04      |
|    n_updates            | 50            |
|    policy_gradient_loss | -0.000416     |
|    value_loss           | 3.06e+04      |
-------------------------------------------
------------------------------------------
| rollout/                |              |
|    ep_len_mean          | 300          |
|    ep_rew_mean          | -3.25e+03    |
| time/                   |              |
|    fps                  | 129          |
|    iterations           | 7            |
|    time_elapsed         | 27           |
|    total_timesteps      | 3584         |
| train/                  |              |
|    approx_kl            | 8.915202e-06 |
|    clip_fraction        | 0            |
|    clip_range           | 0.2          |
|    entropy_loss         | -1.39        |
|    explained_variance   | 0.000794     |
|    learning_rate        | 0.0003       |
|    loss                 | 1.34e+04     |
|    n_updates            | 60           |
|    policy_gradient_loss | -0.000426    |
|    value_loss           | 2.71e+04     |
------------------------------------------
-------------------------------------------
| rollout/                |               |
|    ep_len_mean          | 300           |
|    ep_rew_mean          | -3.24e+03     |
| time/                   |               |
|    fps                  | 127           |
|    iterations           | 8             |
|    time_elapsed         | 32            |
|    total_timesteps      | 4096          |
| train/                  |               |
|    approx_kl            | 6.5603526e-06 |
|    clip_fraction        | 0             |
|    clip_range           | 0.2           |
|    entropy_loss         | -1.39         |
|    explained_variance   | 0.00479       |
|    learning_rate        | 0.0003        |
|    loss                 | 1.56e+04      |
|    n_updates            | 70            |
|    policy_gradient_loss | -0.000333     |
|    value_loss           | 3.15e+04      |
-------------------------------------------
-------------------------------------------
| rollout/                |               |
|    ep_len_mean          | 321           |
|    ep_rew_mean          | -3.37e+03     |
| time/                   |               |
|    fps                  | 119           |
|    iterations           | 9             |
|    time_elapsed         | 38            |
|    total_timesteps      | 4608          |
| train/                  |               |
|    approx_kl            | 5.7779253e-06 |
|    clip_fraction        | 0             |
|    clip_range           | 0.2           |
|    entropy_loss         | -1.39         |
|    explained_variance   | 0.00189       |
|    learning_rate        | 0.0003        |
|    loss                 | 1.51e+04      |
|    n_updates            | 80            |
|    policy_gradient_loss | -0.000278     |
|    value_loss           | 3.03e+04      |
-------------------------------------------
------------------------------------------
| rollout/                |              |
|    ep_len_mean          | 323          |
|    ep_rew_mean          | -3.37e+03    |
| time/                   |              |
|    fps                  | 118          |
|    iterations           | 10           |
|    time_elapsed         | 43           |
|    total_timesteps      | 5120         |
| train/                  |              |
|    approx_kl            | 4.397705e-06 |
|    clip_fraction        | 0            |
|    clip_range           | 0.2          |
|    entropy_loss         | -1.39        |
|    explained_variance   | -0.000252    |
|    learning_rate        | 0.0003       |
|    loss                 | 2e+04        |
|    n_updates            | 90           |
|    policy_gradient_loss | -0.000168    |
|    value_loss           | 4e+04        |
------------------------------------------
------------------------------------------
| rollout/                |              |
|    ep_len_mean          | 322          |
|    ep_rew_mean          | -3.36e+03    |
| time/                   |              |
|    fps                  | 118          |
|    iterations           | 11           |
|    time_elapsed         | 47           |
|    total_timesteps      | 5632         |
| train/                  |              |
|    approx_kl            | 5.679438e-06 |
|    clip_fraction        | 0            |
|    clip_range           | 0.2          |
|    entropy_loss         | -1.39        |
|    explained_variance   | -6.66e-05    |
|    learning_rate        | 0.0003       |
|    loss                 | 1.28e+04     |
|    n_updates            | 100          |
|    policy_gradient_loss | -0.000313    |
|    value_loss           | 2.57e+04     |
------------------------------------------
-------------------------------------------
| rollout/                |               |
|    ep_len_mean          | 361           |
|    ep_rew_mean          | -3.74e+03     |
| time/                   |               |
|    fps                  | 115           |
|    iterations           | 12            |
|    time_elapsed         | 53            |
|    total_timesteps      | 6144          |
| train/                  |               |
|    approx_kl            | 6.2603503e-06 |
|    clip_fraction        | 0             |
|    clip_range           | 0.2           |
|    entropy_loss         | -1.38         |
|    explained_variance   | -0.00154      |
|    learning_rate        | 0.0003        |
|    loss                 | 1.3e+04       |
|    n_updates            | 110           |
|    policy_gradient_loss | -0.00034      |
|    value_loss           | 2.6e+04       |
-------------------------------------------
-------------------------------------------
| rollout/                |               |
|    ep_len_mean          | 359           |
|    ep_rew_mean          | -3.71e+03     |
| time/                   |               |
|    fps                  | 118           |
|    iterations           | 13            |
|    time_elapsed         | 56            |
|    total_timesteps      | 6656          |
| train/                  |               |
|    approx_kl            | 7.4297423e-06 |
|    clip_fraction        | 0             |
|    clip_range           | 0.2           |
|    entropy_loss         | -1.38         |
|    explained_variance   | -8.82e-06     |
|    learning_rate        | 0.0003        |
|    loss                 | 1.3e+04       |
|    n_updates            | 120           |
|    policy_gradient_loss | -0.00043      |
|    value_loss           | 2.6e+04       |
-------------------------------------------
-------------------------------------------
| rollout/                |               |
|    ep_len_mean          | 355           |
|    ep_rew_mean          | -3.67e+03     |
| time/                   |               |
|    fps                  | 117           |
|    iterations           | 14            |
|    time_elapsed         | 60            |
|    total_timesteps      | 7168          |
| train/                  |               |
|    approx_kl            | 1.0078889e-05 |
|    clip_fraction        | 0             |
|    clip_range           | 0.2           |
|    entropy_loss         | -1.38         |
|    explained_variance   | 0.00226       |
|    learning_rate        | 0.0003        |
|    loss                 | 1.46e+04      |
|    n_updates            | 130           |
|    policy_gradient_loss | -0.000519     |
|    value_loss           | 2.93e+04      |
-------------------------------------------
-------------------------------------------
| rollout/                |               |
|    ep_len_mean          | 353           |
|    ep_rew_mean          | -3.65e+03     |
| time/                   |               |
|    fps                  | 116           |
|    iterations           | 15            |
|    time_elapsed         | 65            |
|    total_timesteps      | 7680          |
| train/                  |               |
|    approx_kl            | 8.9863315e-06 |
|    clip_fraction        | 0             |
|    clip_range           | 0.2           |
|    entropy_loss         | -1.38         |
|    explained_variance   | -0.00153      |
|    learning_rate        | 0.0003        |
|    loss                 | 1.32e+04      |
|    n_updates            | 140           |
|    policy_gradient_loss | -0.000325     |
|    value_loss           | 2.65e+04      |
-------------------------------------------
------------------------------------------
| rollout/                |              |
|    ep_len_mean          | 353          |
|    ep_rew_mean          | -3.62e+03    |
| time/                   |              |
|    fps                  | 116          |
|    iterations           | 16           |
|    time_elapsed         | 70           |
|    total_timesteps      | 8192         |
| train/                  |              |
|    approx_kl            | 9.662006e-06 |
|    clip_fraction        | 0            |
|    clip_range           | 0.2          |
|    entropy_loss         | -1.38        |
|    explained_variance   | 0.00191      |
|    learning_rate        | 0.0003       |
|    loss                 | 1.2e+04      |
|    n_updates            | 150          |
|    policy_gradient_loss | -0.000481    |
|    value_loss           | 2.41e+04     |
------------------------------------------
-----------------------------------------
| rollout/                |             |
|    ep_len_mean          | 353         |
|    ep_rew_mean          | -3.6e+03    |
| time/                   |             |
|    fps                  | 114         |
|    iterations           | 17          |
|    time_elapsed         | 76          |
|    total_timesteps      | 8704        |
| train/                  |             |
|    approx_kl            | 9.10752e-06 |
|    clip_fraction        | 0           |
|    clip_range           | 0.2         |
|    entropy_loss         | -1.38       |
|    explained_variance   | 0.000201    |
|    learning_rate        | 0.0003      |
|    loss                 | 1.11e+04    |
|    n_updates            | 160         |
|    policy_gradient_loss | -0.000409   |
|    value_loss           | 2.22e+04    |
-----------------------------------------
-------------------------------------------
| rollout/                |               |
|    ep_len_mean          | 351           |
|    ep_rew_mean          | -3.57e+03     |
| time/                   |               |
|    fps                  | 113           |
|    iterations           | 18            |
|    time_elapsed         | 81            |
|    total_timesteps      | 9216          |
| train/                  |               |
|    approx_kl            | 1.0150019e-05 |
|    clip_fraction        | 0             |
|    clip_range           | 0.2           |
|    entropy_loss         | -1.38         |
|    explained_variance   | -0.00337      |
|    learning_rate        | 0.0003        |
|    loss                 | 1.14e+04      |
|    n_updates            | 170           |
|    policy_gradient_loss | -0.000425     |
|    value_loss           | 2.28e+04      |
-------------------------------------------
-------------------------------------------
| rollout/                |               |
|    ep_len_mean          | 350           |
|    ep_rew_mean          | -3.56e+03     |
| time/                   |               |
|    fps                  | 112           |
|    iterations           | 19            |
|    time_elapsed         | 86            |
|    total_timesteps      | 9728          |
| train/                  |               |
|    approx_kl            | 1.0329066e-05 |
|    clip_fraction        | 0             |
|    clip_range           | 0.2           |
|    entropy_loss         | -1.38         |
|    explained_variance   | 0.000181      |
|    learning_rate        | 0.0003        |
|    loss                 | 1.24e+04      |
|    n_updates            | 180           |
|    policy_gradient_loss | -0.000495     |
|    value_loss           | 2.48e+04      |
-------------------------------------------
--------------------------------------------
| rollout/                |                |
|    ep_len_mean          | 349            |
|    ep_rew_mean          | -3.54e+03      |
| time/                   |                |
|    fps                  | 111            |
|    iterations           | 20             |
|    time_elapsed         | 91             |
|    total_timesteps      | 10240          |
| train/                  |                |
|    approx_kl            | 1.06939115e-05 |
|    clip_fraction        | 0              |
|    clip_range           | 0.2            |
|    entropy_loss         | -1.38          |
|    explained_variance   | -0.00104       |
|    learning_rate        | 0.0003         |
|    loss                 | 1.23e+04       |
|    n_updates            | 190            |
|    policy_gradient_loss | -0.000426      |
|    value_loss           | 2.46e+04       |
--------------------------------------------
-------------------------------------------
| rollout/                |               |
|    ep_len_mean          | 349           |
|    ep_rew_mean          | -3.53e+03     |
| time/                   |               |
|    fps                  | 111           |
|    iterations           | 21            |
|    time_elapsed         | 96            |
|    total_timesteps      | 10752         |
| train/                  |               |
|    approx_kl            | 1.0854797e-05 |
|    clip_fraction        | 0             |
|    clip_range           | 0.2           |
|    entropy_loss         | -1.38         |
|    explained_variance   | -0.00173      |
|    learning_rate        | 0.0003        |
|    loss                 | 1.24e+04      |
|    n_updates            | 200           |
|    policy_gradient_loss | -0.000503     |
|    value_loss           | 2.48e+04      |
-------------------------------------------
--------------------------------------------
| rollout/                |                |
|    ep_len_mean          | 348            |
|    ep_rew_mean          | -3.51e+03      |
| time/                   |                |
|    fps                  | 110            |
|    iterations           | 22             |
|    time_elapsed         | 101            |
|    total_timesteps      | 11264          |
| train/                  |                |
|    approx_kl            | 1.16107985e-05 |
|    clip_fraction        | 0              |
|    clip_range           | 0.2            |
|    entropy_loss         | -1.38          |
|    explained_variance   | 0.000651       |
|    learning_rate        | 0.0003         |
|    loss                 | 1.24e+04       |
|    n_updates            | 210            |
|    policy_gradient_loss | -0.000454      |
|    value_loss           | 2.49e+04       |
--------------------------------------------
-------------------------------------------
| rollout/                |               |
|    ep_len_mean          | 347           |
|    ep_rew_mean          | -3.51e+03     |
| time/                   |               |
|    fps                  | 110           |
|    iterations           | 23            |
|    time_elapsed         | 107           |
|    total_timesteps      | 11776         |
| train/                  |               |
|    approx_kl            | 1.1429773e-05 |
|    clip_fraction        | 0             |
|    clip_range           | 0.2           |
|    entropy_loss         | -1.38         |
|    explained_variance   | 0.000697      |
|    learning_rate        | 0.0003        |
|    loss                 | 1.17e+04      |
|    n_updates            | 220           |
|    policy_gradient_loss | -0.000449     |
|    value_loss           | 2.34e+04      |
-------------------------------------------
-------------------------------------------
| rollout/                |               |
|    ep_len_mean          | 357           |
|    ep_rew_mean          | -3.6e+03      |
| time/                   |               |
|    fps                  | 110           |
|    iterations           | 24            |
|    time_elapsed         | 111           |
|    total_timesteps      | 12288         |
| train/                  |               |
|    approx_kl            | 1.4685211e-05 |
|    clip_fraction        | 0             |
|    clip_range           | 0.2           |
|    entropy_loss         | -1.38         |
|    explained_variance   | -0.000348     |
|    learning_rate        | 0.0003        |
|    loss                 | 1.34e+04      |
|    n_updates            | 230           |
|    policy_gradient_loss | -0.000655     |
|    value_loss           | 2.68e+04      |
-------------------------------------------
-------------------------------------------
| rollout/                |               |
|    ep_len_mean          | 355           |
|    ep_rew_mean          | -3.58e+03     |
| time/                   |               |
|    fps                  | 108           |
|    iterations           | 25            |
|    time_elapsed         | 117           |
|    total_timesteps      | 12800         |
| train/                  |               |
|    approx_kl            | 1.8538907e-05 |
|    clip_fraction        | 0             |
|    clip_range           | 0.2           |
|    entropy_loss         | -1.38         |
|    explained_variance   | -0.00372      |
|    learning_rate        | 0.0003        |
|    loss                 | 1.08e+04      |
|    n_updates            | 240           |
|    policy_gradient_loss | -0.00063      |
|    value_loss           | 2.17e+04      |
-------------------------------------------
-------------------------------------------
| rollout/                |               |
|    ep_len_mean          | 354           |
|    ep_rew_mean          | -3.57e+03     |
| time/                   |               |
|    fps                  | 107           |
|    iterations           | 26            |
|    time_elapsed         | 123           |
|    total_timesteps      | 13312         |
| train/                  |               |
|    approx_kl            | 1.6995938e-05 |
|    clip_fraction        | 0             |
|    clip_range           | 0.2           |
|    entropy_loss         | -1.38         |
|    explained_variance   | 0.00313       |
|    learning_rate        | 0.0003        |
|    loss                 | 1.27e+04      |
|    n_updates            | 250           |
|    policy_gradient_loss | -0.000579     |
|    value_loss           | 2.54e+04      |
-------------------------------------------
------------------------------------------
| rollout/                |              |
|    ep_len_mean          | 353          |
|    ep_rew_mean          | -3.55e+03    |
| time/                   |              |
|    fps                  | 107          |
|    iterations           | 27           |
|    time_elapsed         | 128          |
|    total_timesteps      | 13824        |
| train/                  |              |
|    approx_kl            | 1.246226e-05 |
|    clip_fraction        | 0            |
|    clip_range           | 0.2          |
|    entropy_loss         | -1.38        |
|    explained_variance   | -0.000621    |
|    learning_rate        | 0.0003       |
|    loss                 | 1.36e+04     |
|    n_updates            | 260          |
|    policy_gradient_loss | -0.000419    |
|    value_loss           | 2.72e+04     |
------------------------------------------
-------------------------------------------
| rollout/                |               |
|    ep_len_mean          | 353           |
|    ep_rew_mean          | -3.55e+03     |
| time/                   |               |
|    fps                  | 106           |
|    iterations           | 28            |
|    time_elapsed         | 134           |
|    total_timesteps      | 14336         |
| train/                  |               |
|    approx_kl            | 1.1674594e-05 |
|    clip_fraction        | 0             |
|    clip_range           | 0.2           |
|    entropy_loss         | -1.38         |
|    explained_variance   | -0.00046      |
|    learning_rate        | 0.0003        |
|    loss                 | 1.07e+04      |
|    n_updates            | 270           |
|    policy_gradient_loss | -0.0004       |
|    value_loss           | 2.14e+04      |
-------------------------------------------
-------------------------------------------
| rollout/                |               |
|    ep_len_mean          | 351           |
|    ep_rew_mean          | -3.53e+03     |
| time/                   |               |
|    fps                  | 106           |
|    iterations           | 29            |
|    time_elapsed         | 139           |
|    total_timesteps      | 14848         |
| train/                  |               |
|    approx_kl            | 1.5225378e-05 |
|    clip_fraction        | 0             |
|    clip_range           | 0.2           |
|    entropy_loss         | -1.38         |
|    explained_variance   | -8.67e-05     |
|    learning_rate        | 0.0003        |
|    loss                 | 1.33e+04      |
|    n_updates            | 280           |
|    policy_gradient_loss | -0.000574     |
|    value_loss           | 2.65e+04      |
-------------------------------------------
------------------------------------------
| rollout/                |              |
|    ep_len_mean          | 351          |
|    ep_rew_mean          | -3.52e+03    |
| time/                   |              |
|    fps                  | 106          |
|    iterations           | 30           |
|    time_elapsed         | 144          |
|    total_timesteps      | 15360        |
| train/                  |              |
|    approx_kl            | 1.670618e-05 |
|    clip_fraction        | 0            |
|    clip_range           | 0.2          |
|    entropy_loss         | -1.38        |
|    explained_variance   | -0.00157     |
|    learning_rate        | 0.0003       |
|    loss                 | 1.17e+04     |
|    n_updates            | 290          |
|    policy_gradient_loss | -0.00049     |
|    value_loss           | 2.35e+04     |
------------------------------------------
------------------------------------------
| rollout/                |              |
|    ep_len_mean          | 350          |
|    ep_rew_mean          | -3.51e+03    |
| time/                   |              |
|    fps                  | 106          |
|    iterations           | 31           |
|    time_elapsed         | 149          |
|    total_timesteps      | 15872        |
| train/                  |              |
|    approx_kl            | 2.004113e-05 |
|    clip_fraction        | 0            |
|    clip_range           | 0.2          |
|    entropy_loss         | -1.37        |
|    explained_variance   | -0.00257     |
|    learning_rate        | 0.0003       |
|    loss                 | 1.1e+04      |
|    n_updates            | 300          |
|    policy_gradient_loss | -0.000662    |
|    value_loss           | 2.19e+04     |
------------------------------------------
-------------------------------------------
| rollout/                |               |
|    ep_len_mean          | 349           |
|    ep_rew_mean          | -3.5e+03      |
| time/                   |               |
|    fps                  | 105           |
|    iterations           | 32            |
|    time_elapsed         | 155           |
|    total_timesteps      | 16384         |
| train/                  |               |
|    approx_kl            | 1.8592575e-05 |
|    clip_fraction        | 0             |
|    clip_range           | 0.2           |
|    entropy_loss         | -1.37         |
|    explained_variance   | -0.00372      |
|    learning_rate        | 0.0003        |
|    loss                 | 1.27e+04      |
|    n_updates            | 310           |
|    policy_gradient_loss | -0.000587     |
|    value_loss           | 2.55e+04      |
-------------------------------------------
-------------------------------------------
| rollout/                |               |
|    ep_len_mean          | 349           |
|    ep_rew_mean          | -3.49e+03     |
| time/                   |               |
|    fps                  | 105           |
|    iterations           | 33            |
|    time_elapsed         | 160           |
|    total_timesteps      | 16896         |
| train/                  |               |
|    approx_kl            | 2.2066175e-05 |
|    clip_fraction        | 0             |
|    clip_range           | 0.2           |
|    entropy_loss         | -1.37         |
|    explained_variance   | 0.000277      |
|    learning_rate        | 0.0003        |
|    loss                 | 1.23e+04      |
|    n_updates            | 320           |
|    policy_gradient_loss | -0.00085      |
|    value_loss           | 2.47e+04      |
-------------------------------------------
-------------------------------------------
| rollout/                |               |
|    ep_len_mean          | 349           |
|    ep_rew_mean          | -3.49e+03     |
| time/                   |               |
|    fps                  | 104           |
|    iterations           | 34            |
|    time_elapsed         | 166           |
|    total_timesteps      | 17408         |
| train/                  |               |
|    approx_kl            | 2.4985406e-05 |
|    clip_fraction        | 0             |
|    clip_range           | 0.2           |
|    entropy_loss         | -1.37         |
|    explained_variance   | -0.00283      |
|    learning_rate        | 0.0003        |
|    loss                 | 1.18e+04      |
|    n_updates            | 330           |
|    policy_gradient_loss | -0.000651     |
|    value_loss           | 2.37e+04      |
-------------------------------------------
-------------------------------------------
| rollout/                |               |
|    ep_len_mean          | 350           |
|    ep_rew_mean          | -3.48e+03     |
| time/                   |               |
|    fps                  | 104           |
|    iterations           | 35            |
|    time_elapsed         | 170           |
|    total_timesteps      | 17920         |
| train/                  |               |
|    approx_kl            | 3.0903262e-05 |
|    clip_fraction        | 0             |
|    clip_range           | 0.2           |
|    entropy_loss         | -1.37         |
|    explained_variance   | -3.55e-05     |
|    learning_rate        | 0.0003        |
|    loss                 | 8.23e+03      |
|    n_updates            | 340           |
|    policy_gradient_loss | -0.000846     |
|    value_loss           | 1.65e+04      |
-------------------------------------------
-------------------------------------------
| rollout/                |               |
|    ep_len_mean          | 350           |
|    ep_rew_mean          | -3.48e+03     |
| time/                   |               |
|    fps                  | 104           |
|    iterations           | 36            |
|    time_elapsed         | 176           |
|    total_timesteps      | 18432         |
| train/                  |               |
|    approx_kl            | 3.0360534e-05 |
|    clip_fraction        | 0             |
|    clip_range           | 0.2           |
|    entropy_loss         | -1.37         |
|    explained_variance   | -0.000499     |
|    learning_rate        | 0.0003        |
|    loss                 | 1.11e+04      |
|    n_updates            | 350           |
|    policy_gradient_loss | -0.00077      |
|    value_loss           | 2.22e+04      |
-------------------------------------------
------------------------------------------
| rollout/                |              |
|    ep_len_mean          | 350          |
|    ep_rew_mean          | -3.47e+03    |
| time/                   |              |
|    fps                  | 104          |
|    iterations           | 37           |
|    time_elapsed         | 181          |
|    total_timesteps      | 18944        |
| train/                  |              |
|    approx_kl            | 3.099267e-05 |
|    clip_fraction        | 0            |
|    clip_range           | 0.2          |
|    entropy_loss         | -1.37        |
|    explained_variance   | 0.00209      |
|    learning_rate        | 0.0003       |
|    loss                 | 1.36e+04     |
|    n_updates            | 360          |
|    policy_gradient_loss | -0.000808    |
|    value_loss           | 2.72e+04     |
------------------------------------------
-------------------------------------------
| rollout/                |               |
|    ep_len_mean          | 350           |
|    ep_rew_mean          | -3.47e+03     |
| time/                   |               |
|    fps                  | 103           |
|    iterations           | 38            |
|    time_elapsed         | 187           |
|    total_timesteps      | 19456         |
| train/                  |               |
|    approx_kl            | 2.8824667e-05 |
|    clip_fraction        | 0             |
|    clip_range           | 0.2           |
|    entropy_loss         | -1.36         |
|    explained_variance   | -0.00276      |
|    learning_rate        | 0.0003        |
|    loss                 | 9.97e+03      |
|    n_updates            | 370           |
|    policy_gradient_loss | -0.000631     |
|    value_loss           | 2e+04         |
-------------------------------------------
-------------------------------------------
| rollout/                |               |
|    ep_len_mean          | 351           |
|    ep_rew_mean          | -3.46e+03     |
| time/                   |               |
|    fps                  | 103           |
|    iterations           | 39            |
|    time_elapsed         | 192           |
|    total_timesteps      | 19968         |
| train/                  |               |
|    approx_kl            | 3.9136503e-05 |
|    clip_fraction        | 0             |
|    clip_range           | 0.2           |
|    entropy_loss         | -1.36         |
|    explained_variance   | 0.00114       |
|    learning_rate        | 0.0003        |
|    loss                 | 8.35e+03      |
|    n_updates            | 380           |
|    policy_gradient_loss | -0.00103      |
|    value_loss           | 1.67e+04      |
-------------------------------------------
------------------------------------------
| rollout/                |              |
|    ep_len_mean          | 352          |
|    ep_rew_mean          | -3.46e+03    |
| time/                   |              |
|    fps                  | 104          |
|    iterations           | 40           |
|    time_elapsed         | 196          |
|    total_timesteps      | 20480        |
| train/                  |              |
|    approx_kl            | 6.775453e-05 |
|    clip_fraction        | 0            |
|    clip_range           | 0.2          |
|    entropy_loss         | -1.36        |
|    explained_variance   | -0.000113    |
|    learning_rate        | 0.0003       |
|    loss                 | 9.65e+03     |
|    n_updates            | 390          |
|    policy_gradient_loss | -0.00157     |
|    value_loss           | 1.93e+04     |
------------------------------------------
------------------------------------------
| rollout/                |              |
|    ep_len_mean          | 352          |
|    ep_rew_mean          | -3.45e+03    |
| time/                   |              |
|    fps                  | 103          |
|    iterations           | 41           |
|    time_elapsed         | 202          |
|    total_timesteps      | 20992        |
| train/                  |              |
|    approx_kl            | 7.658533e-05 |
|    clip_fraction        | 0            |
|    clip_range           | 0.2          |
|    entropy_loss         | -1.36        |
|    explained_variance   | -0.000969    |
|    learning_rate        | 0.0003       |
|    loss                 | 9.37e+03     |
|    n_updates            | 400          |
|    policy_gradient_loss | -0.00149     |
|    value_loss           | 1.88e+04     |
------------------------------------------
-----------------------------------------
| rollout/                |             |
|    ep_len_mean          | 353         |
|    ep_rew_mean          | -3.45e+03   |
| time/                   |             |
|    fps                  | 104         |
|    iterations           | 42          |
|    time_elapsed         | 206         |
|    total_timesteps      | 21504       |
| train/                  |             |
|    approx_kl            | 7.46015e-05 |
|    clip_fraction        | 0           |
|    clip_range           | 0.2         |
|    entropy_loss         | -1.35       |
|    explained_variance   | -0.000435   |
|    learning_rate        | 0.0003      |
|    loss                 | 9.11e+03    |
|    n_updates            | 410         |
|    policy_gradient_loss | -0.00143    |
|    value_loss           | 1.83e+04    |
-----------------------------------------
-------------------------------------------
| rollout/                |               |
|    ep_len_mean          | 355           |
|    ep_rew_mean          | -3.45e+03     |
| time/                   |               |
|    fps                  | 104           |
|    iterations           | 43            |
|    time_elapsed         | 210           |
|    total_timesteps      | 22016         |
| train/                  |               |
|    approx_kl            | 0.00010732468 |
|    clip_fraction        | 0             |
|    clip_range           | 0.2           |
|    entropy_loss         | -1.35         |
|    explained_variance   | 0.000992      |
|    learning_rate        | 0.0003        |
|    loss                 | 9.01e+03      |
|    n_updates            | 420           |
|    policy_gradient_loss | -0.00202      |
|    value_loss           | 1.8e+04       |
-------------------------------------------
-------------------------------------------
| rollout/                |               |
|    ep_len_mean          | 357           |
|    ep_rew_mean          | -3.44e+03     |
| time/                   |               |
|    fps                  | 104           |
|    iterations           | 44            |
|    time_elapsed         | 215           |
|    total_timesteps      | 22528         |
| train/                  |               |
|    approx_kl            | 8.8157365e-05 |
|    clip_fraction        | 0             |
|    clip_range           | 0.2           |
|    entropy_loss         | -1.35         |
|    explained_variance   | 0.000902      |
|    learning_rate        | 0.0003        |
|    loss                 | 7.44e+03      |
|    n_updates            | 430           |
|    policy_gradient_loss | -0.00126      |
|    value_loss           | 1.49e+04      |
-------------------------------------------
------------------------------------------
| rollout/                |              |
|    ep_len_mean          | 358          |
|    ep_rew_mean          | -3.44e+03    |
| time/                   |              |
|    fps                  | 104          |
|    iterations           | 45           |
|    time_elapsed         | 221          |
|    total_timesteps      | 23040        |
| train/                  |              |
|    approx_kl            | 7.790816e-05 |
|    clip_fraction        | 0            |
|    clip_range           | 0.2          |
|    entropy_loss         | -1.34        |
|    explained_variance   | -9.3e-06     |
|    learning_rate        | 0.0003       |
|    loss                 | 7.27e+03     |
|    n_updates            | 440          |
|    policy_gradient_loss | -0.00137     |
|    value_loss           | 1.46e+04     |
------------------------------------------
-----------------------------------------
| rollout/                |             |
|    ep_len_mean          | 359         |
|    ep_rew_mean          | -3.43e+03   |
| time/                   |             |
|    fps                  | 104         |
|    iterations           | 46          |
|    time_elapsed         | 226         |
|    total_timesteps      | 23552       |
| train/                  |             |
|    approx_kl            | 9.95337e-05 |
|    clip_fraction        | 0           |
|    clip_range           | 0.2         |
|    entropy_loss         | -1.34       |
|    explained_variance   | -0.00134    |
|    learning_rate        | 0.0003      |
|    loss                 | 6.28e+03    |
|    n_updates            | 450         |
|    policy_gradient_loss | -0.00148    |
|    value_loss           | 1.26e+04    |
-----------------------------------------
-------------------------------------------
| rollout/                |               |
|    ep_len_mean          | 360           |
|    ep_rew_mean          | -3.43e+03     |
| time/                   |               |
|    fps                  | 104           |
|    iterations           | 47            |
|    time_elapsed         | 230           |
|    total_timesteps      | 24064         |
| train/                  |               |
|    approx_kl            | 0.00012956618 |
|    clip_fraction        | 0             |
|    clip_range           | 0.2           |
|    entropy_loss         | -1.33         |
|    explained_variance   | 0.000281      |
|    learning_rate        | 0.0003        |
|    loss                 | 8.45e+03      |
|    n_updates            | 460           |
|    policy_gradient_loss | -0.00184      |
|    value_loss           | 1.69e+04      |
-------------------------------------------
-------------------------------------------
| rollout/                |               |
|    ep_len_mean          | 362           |
|    ep_rew_mean          | -3.43e+03     |
| time/                   |               |
|    fps                  | 104           |
|    iterations           | 48            |
|    time_elapsed         | 234           |
|    total_timesteps      | 24576         |
| train/                  |               |
|    approx_kl            | 0.00012970809 |
|    clip_fraction        | 0             |
|    clip_range           | 0.2           |
|    entropy_loss         | -1.33         |
|    explained_variance   | 0.00136       |
|    learning_rate        | 0.0003        |
|    loss                 | 7.38e+03      |
|    n_updates            | 470           |
|    policy_gradient_loss | -0.00149      |
|    value_loss           | 1.48e+04      |
-------------------------------------------
-------------------------------------------
| rollout/                |               |
|    ep_len_mean          | 362           |
|    ep_rew_mean          | -3.43e+03     |
| time/                   |               |
|    fps                  | 104           |
|    iterations           | 49            |
|    time_elapsed         | 239           |
|    total_timesteps      | 25088         |
| train/                  |               |
|    approx_kl            | 0.00015298754 |
|    clip_fraction        | 0             |
|    clip_range           | 0.2           |
|    entropy_loss         | -1.32         |
|    explained_variance   | -0.000526     |
|    learning_rate        | 0.0003        |
|    loss                 | 7.29e+03      |
|    n_updates            | 480           |
|    policy_gradient_loss | -0.00198      |
|    value_loss           | 1.46e+04      |
-------------------------------------------
-------------------------------------------
| rollout/                |               |
|    ep_len_mean          | 371           |
|    ep_rew_mean          | -3.48e+03     |
| time/                   |               |
|    fps                  | 105           |
|    iterations           | 50            |
|    time_elapsed         | 241           |
|    total_timesteps      | 25600         |
| train/                  |               |
|    approx_kl            | 0.00024473993 |
|    clip_fraction        | 0             |
|    clip_range           | 0.2           |
|    entropy_loss         | -1.31         |
|    explained_variance   | 7.75e-07      |
|    learning_rate        | 0.0003        |
|    loss                 | 5e+03         |
|    n_updates            | 490           |
|    policy_gradient_loss | -0.00314      |
|    value_loss           | 1e+04         |
-------------------------------------------
-------------------------------------------
| rollout/                |               |
|    ep_len_mean          | 372           |
|    ep_rew_mean          | -3.47e+03     |
| time/                   |               |
|    fps                  | 105           |
|    iterations           | 51            |
|    time_elapsed         | 246           |
|    total_timesteps      | 26112         |
| train/                  |               |
|    approx_kl            | 0.00033033255 |
|    clip_fraction        | 0             |
|    clip_range           | 0.2           |
|    entropy_loss         | -1.3          |
|    explained_variance   | -0.000703     |
|    learning_rate        | 0.0003        |
|    loss                 | 6.27e+03      |
|    n_updates            | 500           |
|    policy_gradient_loss | -0.00315      |
|    value_loss           | 1.26e+04      |
-------------------------------------------
------------------------------------------
| rollout/                |              |
|    ep_len_mean          | 374          |
|    ep_rew_mean          | -3.47e+03    |
| time/                   |              |
|    fps                  | 105          |
|    iterations           | 52           |
|    time_elapsed         | 251          |
|    total_timesteps      | 26624        |
| train/                  |              |
|    approx_kl            | 0.0002936311 |
|    clip_fraction        | 0            |
|    clip_range           | 0.2          |
|    entropy_loss         | -1.29        |
|    explained_variance   | 0.000575     |
|    learning_rate        | 0.0003       |
|    loss                 | 5.69e+03     |
|    n_updates            | 510          |
|    policy_gradient_loss | -0.00303     |
|    value_loss           | 1.14e+04     |
------------------------------------------
------------------------------------------
| rollout/                |              |
|    ep_len_mean          | 375          |
|    ep_rew_mean          | -3.47e+03    |
| time/                   |              |
|    fps                  | 105          |
|    iterations           | 53           |
|    time_elapsed         | 257          |
|    total_timesteps      | 27136        |
| train/                  |              |
|    approx_kl            | 0.0003405714 |
|    clip_fraction        | 0            |
|    clip_range           | 0.2          |
|    entropy_loss         | -1.28        |
|    explained_variance   | 0.000346     |
|    learning_rate        | 0.0003       |
|    loss                 | 6.6e+03      |
|    n_updates            | 520          |
|    policy_gradient_loss | -0.00362     |
|    value_loss           | 1.32e+04     |
------------------------------------------
-------------------------------------------
| rollout/                |               |
|    ep_len_mean          | 377           |
|    ep_rew_mean          | -3.46e+03     |
| time/                   |               |
|    fps                  | 105           |
|    iterations           | 54            |
|    time_elapsed         | 262           |
|    total_timesteps      | 27648         |
| train/                  |               |
|    approx_kl            | 0.00038393203 |
|    clip_fraction        | 0             |
|    clip_range           | 0.2           |
|    entropy_loss         | -1.27         |
|    explained_variance   | 0.00118       |
|    learning_rate        | 0.0003        |
|    loss                 | 5.19e+03      |
|    n_updates            | 530           |
|    policy_gradient_loss | -0.00378      |
|    value_loss           | 1.04e+04      |
-------------------------------------------
------------------------------------------
| rollout/                |              |
|    ep_len_mean          | 380          |
|    ep_rew_mean          | -3.46e+03    |
| time/                   |              |
|    fps                  | 104          |
|    iterations           | 55           |
|    time_elapsed         | 268          |
|    total_timesteps      | 28160        |
| train/                  |              |
|    approx_kl            | 0.0004597985 |
|    clip_fraction        | 0            |
|    clip_range           | 0.2          |
|    entropy_loss         | -1.25        |
|    explained_variance   | -0.000853    |
|    learning_rate        | 0.0003       |
|    loss                 | 5.03e+03     |
|    n_updates            | 540          |
|    policy_gradient_loss | -0.00376     |
|    value_loss           | 1.01e+04     |
------------------------------------------
-------------------------------------------
| rollout/                |               |
|    ep_len_mean          | 382           |
|    ep_rew_mean          | -3.46e+03     |
| time/                   |               |
|    fps                  | 104           |
|    iterations           | 56            |
|    time_elapsed         | 273           |
|    total_timesteps      | 28672         |
| train/                  |               |
|    approx_kl            | 0.00044244213 |
|    clip_fraction        | 0             |
|    clip_range           | 0.2           |
|    entropy_loss         | -1.23         |
|    explained_variance   | -0.000252     |
|    learning_rate        | 0.0003        |
|    loss                 | 3.47e+03      |
|    n_updates            | 550           |
|    policy_gradient_loss | -0.00331      |
|    value_loss           | 6.95e+03      |
-------------------------------------------
------------------------------------------
| rollout/                |              |
|    ep_len_mean          | 385          |
|    ep_rew_mean          | -3.46e+03    |
| time/                   |              |
|    fps                  | 104          |
|    iterations           | 57           |
|    time_elapsed         | 278          |
|    total_timesteps      | 29184        |
| train/                  |              |
|    approx_kl            | 0.0006684372 |
|    clip_fraction        | 0            |
|    clip_range           | 0.2          |
|    entropy_loss         | -1.21        |
|    explained_variance   | -0.00214     |
|    learning_rate        | 0.0003       |
|    loss                 | 3.6e+03      |
|    n_updates            | 560          |
|    policy_gradient_loss | -0.00434     |
|    value_loss           | 7.21e+03     |
------------------------------------------
-------------------------------------------
| rollout/                |               |
|    ep_len_mean          | 389           |
|    ep_rew_mean          | -3.45e+03     |
| time/                   |               |
|    fps                  | 105           |
|    iterations           | 58            |
|    time_elapsed         | 282           |
|    total_timesteps      | 29696         |
| train/                  |               |
|    approx_kl            | 0.00095245754 |
|    clip_fraction        | 0             |
|    clip_range           | 0.2           |
|    entropy_loss         | -1.18         |
|    explained_variance   | -0.000876     |
|    learning_rate        | 0.0003        |
|    loss                 | 3.47e+03      |
|    n_updates            | 570           |
|    policy_gradient_loss | -0.00614      |
|    value_loss           | 6.95e+03      |
-------------------------------------------
------------------------------------------
| rollout/                |              |
|    ep_len_mean          | 389          |
|    ep_rew_mean          | -3.45e+03    |
| time/                   |              |
|    fps                  | 105          |
|    iterations           | 59           |
|    time_elapsed         | 286          |
|    total_timesteps      | 30208        |
| train/                  |              |
|    approx_kl            | 0.0008836312 |
|    clip_fraction        | 0            |
|    clip_range           | 0.2          |
|    entropy_loss         | -1.17        |
|    explained_variance   | -0.00148     |
|    learning_rate        | 0.0003       |
|    loss                 | 3.27e+03     |
|    n_updates            | 580          |
|    policy_gradient_loss | -0.00501     |
|    value_loss           | 6.56e+03     |
------------------------------------------
------------------------------------------
| rollout/                |              |
|    ep_len_mean          | 394          |
|    ep_rew_mean          | -3.45e+03    |
| time/                   |              |
|    fps                  | 106          |
|    iterations           | 60           |
|    time_elapsed         | 289          |
|    total_timesteps      | 30720        |
| train/                  |              |
|    approx_kl            | 0.0010814039 |
|    clip_fraction        | 0            |
|    clip_range           | 0.2          |
|    entropy_loss         | -1.14        |
|    explained_variance   | -3.58e-07    |
|    learning_rate        | 0.0003       |
|    loss                 | 2.91e+03     |
|    n_updates            | 590          |
|    policy_gradient_loss | -0.00672     |
|    value_loss           | 5.84e+03     |
------------------------------------------
------------------------------------------
| rollout/                |              |
|    ep_len_mean          | 400          |
|    ep_rew_mean          | -3.45e+03    |
| time/                   |              |
|    fps                  | 106          |
|    iterations           | 61           |
|    time_elapsed         | 293          |
|    total_timesteps      | 31232        |
| train/                  |              |
|    approx_kl            | 0.0012543951 |
|    clip_fraction        | 0            |
|    clip_range           | 0.2          |
|    entropy_loss         | -1.1         |
|    explained_variance   | -0.00162     |
|    learning_rate        | 0.0003       |
|    loss                 | 1.77e+03     |
|    n_updates            | 600          |
|    policy_gradient_loss | -0.00618     |
|    value_loss           | 3.56e+03     |
------------------------------------------
------------------------------------------
| rollout/                |              |
|    ep_len_mean          | 400          |
|    ep_rew_mean          | -3.45e+03    |
| time/                   |              |
|    fps                  | 105          |
|    iterations           | 62           |
|    time_elapsed         | 299          |
|    total_timesteps      | 31744        |
| train/                  |              |
|    approx_kl            | 0.0014055185 |
|    clip_fraction        | 0            |
|    clip_range           | 0.2          |
|    entropy_loss         | -1.07        |
|    explained_variance   | -0.000135    |
|    learning_rate        | 0.0003       |
|    loss                 | 2.27e+03     |
|    n_updates            | 610          |
|    policy_gradient_loss | -0.00746     |
|    value_loss           | 4.55e+03     |
------------------------------------------
------------------------------------------
| rollout/                |              |
|    ep_len_mean          | 400          |
|    ep_rew_mean          | -3.45e+03    |
| time/                   |              |
|    fps                  | 106          |
|    iterations           | 63           |
|    time_elapsed         | 301          |
|    total_timesteps      | 32256        |
| train/                  |              |
|    approx_kl            | 0.0011979736 |
|    clip_fraction        | 0            |
|    clip_range           | 0.2          |
|    entropy_loss         | -1.02        |
|    explained_variance   | -7.15e-07    |
|    learning_rate        | 0.0003       |
|    loss                 | 1.34e+03     |
|    n_updates            | 620          |
|    policy_gradient_loss | -0.00622     |
|    value_loss           | 2.69e+03     |
------------------------------------------
------------------------------------------
| rollout/                |              |
|    ep_len_mean          | 409          |
|    ep_rew_mean          | -3.45e+03    |
| time/                   |              |
|    fps                  | 107          |
|    iterations           | 64           |
|    time_elapsed         | 304          |
|    total_timesteps      | 32768        |
| train/                  |              |
|    approx_kl            | 0.0021741572 |
|    clip_fraction        | 0            |
|    clip_range           | 0.2          |
|    entropy_loss         | -0.993       |
|    explained_variance   | 5.96e-08     |
|    learning_rate        | 0.0003       |
|    loss                 | 1.22e+03     |
|    n_updates            | 630          |
|    policy_gradient_loss | -0.00948     |
|    value_loss           | 2.45e+03     |
------------------------------------------
------------------------------------------
| rollout/                |              |
|    ep_len_mean          | 409          |
|    ep_rew_mean          | -3.45e+03    |
| time/                   |              |
|    fps                  | 107          |
|    iterations           | 65           |
|    time_elapsed         | 309          |
|    total_timesteps      | 33280        |
| train/                  |              |
|    approx_kl            | 0.0023691882 |
|    clip_fraction        | 0.00156      |
|    clip_range           | 0.2          |
|    entropy_loss         | -0.963       |
|    explained_variance   | 0.00207      |
|    learning_rate        | 0.0003       |
|    loss                 | 1.18e+03     |
|    n_updates            | 640          |
|    policy_gradient_loss | -0.00906     |
|    value_loss           | 2.36e+03     |
------------------------------------------
------------------------------------------
| rollout/                |              |
|    ep_len_mean          | 420          |
|    ep_rew_mean          | -3.45e+03    |
| time/                   |              |
|    fps                  | 108          |
|    iterations           | 66           |
|    time_elapsed         | 312          |
|    total_timesteps      | 33792        |
| train/                  |              |
|    approx_kl            | 0.0023396253 |
|    clip_fraction        | 0.00664      |
|    clip_range           | 0.2          |
|    entropy_loss         | -0.903       |
|    explained_variance   | -7.15e-07    |
|    learning_rate        | 0.0003       |
|    loss                 | 879          |
|    n_updates            | 650          |
|    policy_gradient_loss | -0.00992     |
|    value_loss           | 1.76e+03     |
------------------------------------------
------------------------------------------
| rollout/                |              |
|    ep_len_mean          | 420          |
|    ep_rew_mean          | -3.45e+03    |
| time/                   |              |
|    fps                  | 108          |
|    iterations           | 67           |
|    time_elapsed         | 316          |
|    total_timesteps      | 34304        |
| train/                  |              |
|    approx_kl            | 0.0011760219 |
|    clip_fraction        | 0.00195      |
|    clip_range           | 0.2          |
|    entropy_loss         | -0.888       |
|    explained_variance   | -0.00275     |
|    learning_rate        | 0.0003       |
|    loss                 | 391          |
|    n_updates            | 660          |
|    policy_gradient_loss | -0.00429     |
|    value_loss           | 786          |
------------------------------------------
------------------------------------------
| rollout/                |              |
|    ep_len_mean          | 420          |
|    ep_rew_mean          | -3.45e+03    |
| time/                   |              |
|    fps                  | 109          |
|    iterations           | 68           |
|    time_elapsed         | 318          |
|    total_timesteps      | 34816        |
| train/                  |              |
|    approx_kl            | 0.0012668637 |
|    clip_fraction        | 0.00625      |
|    clip_range           | 0.2          |
|    entropy_loss         | -0.847       |
|    explained_variance   | -8.34e-07    |
|    learning_rate        | 0.0003       |
|    loss                 | 461          |
|    n_updates            | 670          |
|    policy_gradient_loss | -0.00673     |
|    value_loss           | 928          |
------------------------------------------
------------------------------------------
| rollout/                |              |
|    ep_len_mean          | 420          |
|    ep_rew_mean          | -3.45e+03    |
| time/                   |              |
|    fps                  | 110          |
|    iterations           | 69           |
|    time_elapsed         | 320          |
|    total_timesteps      | 35328        |
| train/                  |              |
|    approx_kl            | 0.0018031806 |
|    clip_fraction        | 0.00703      |
|    clip_range           | 0.2          |
|    entropy_loss         | -0.811       |
|    explained_variance   | -2.38e-07    |
|    learning_rate        | 0.0003       |
|    loss                 | 431          |
|    n_updates            | 680          |
|    policy_gradient_loss | -0.00723     |
|    value_loss           | 866          |
------------------------------------------
------------------------------------------
| rollout/                |              |
|    ep_len_mean          | 439          |
|    ep_rew_mean          | -3.44e+03    |
| time/                   |              |
|    fps                  | 110          |
|    iterations           | 70           |
|    time_elapsed         | 322          |
|    total_timesteps      | 35840        |
| train/                  |              |
|    approx_kl            | 0.0023445154 |
|    clip_fraction        | 0.00723      |
|    clip_range           | 0.2          |
|    entropy_loss         | -0.775       |
|    explained_variance   | 7.15e-07     |
|    learning_rate        | 0.0003       |
|    loss                 | 253          |
|    n_updates            | 690          |
|    policy_gradient_loss | -0.00652     |
|    value_loss           | 509          |
------------------------------------------
------------------------------------------
| rollout/                |              |
|    ep_len_mean          | 439          |
|    ep_rew_mean          | -3.44e+03    |
| time/                   |              |
|    fps                  | 111          |
|    iterations           | 71           |
|    time_elapsed         | 326          |
|    total_timesteps      | 36352        |
| train/                  |              |
|    approx_kl            | 0.0027814414 |
|    clip_fraction        | 0.00313      |
|    clip_range           | 0.2          |
|    entropy_loss         | -0.729       |
|    explained_variance   | -0.00334     |
|    learning_rate        | 0.0003       |
|    loss                 | 148          |
|    n_updates            | 700          |
|    policy_gradient_loss | -0.00419     |
|    value_loss           | 298          |
------------------------------------------
------------------------------------------
| rollout/                |              |
|    ep_len_mean          | 439          |
|    ep_rew_mean          | -3.44e+03    |
| time/                   |              |
|    fps                  | 112          |
|    iterations           | 72           |
|    time_elapsed         | 329          |
|    total_timesteps      | 36864        |
| train/                  |              |
|    approx_kl            | 0.0013426519 |
|    clip_fraction        | 0.00156      |
|    clip_range           | 0.2          |
|    entropy_loss         | -0.696       |
|    explained_variance   | -1.19e-07    |
|    learning_rate        | 0.0003       |
|    loss                 | 123          |
|    n_updates            | 710          |
|    policy_gradient_loss | -0.0028      |
|    value_loss           | 248          |
------------------------------------------
Traceback (most recent call last):
  File "/vast/palmer/home.grace/asr93/Navigation/plume_rl/src/environment/odor_senses.py", line 108, in _get_left_right_odors
    self.left_odors = odor_frame[self.left_idxs[:,0], self.left_idxs[:,1]]
IndexError: index 898 is out of bounds for axis 1 with size 898

During handling of the above exception, another exception occurred:

Traceback (most recent call last):
  File "/gpfs/gibbs/project/emonet/asr93/conda_envs/EmonetLab/lib/python3.10/runpy.py", line 196, in _run_module_as_main
    return _run_code(code, main_globals, None,
  File "/gpfs/gibbs/project/emonet/asr93/conda_envs/EmonetLab/lib/python3.10/runpy.py", line 86, in _run_code
    exec(code, run_globals)
  File "/vast/palmer/home.grace/asr93/Navigation/plume_rl/src/training_scripts/train_rnn_baseline.py", line 79, in <module>
    model = train_model(config_dict)
  File "/vast/palmer/home.grace/asr93/Navigation/plume_rl/src/models/rnn_baseline.py", line 16, in train_model
    model.learn(total_timesteps=training_dict['n_episodes']*training_dict['max_episode_length'])
  File "/gpfs/gibbs/project/emonet/asr93/conda_envs/EmonetLab/lib/python3.10/site-packages/sb3_contrib/ppo_recurrent/ppo_recurrent.py", line 469, in learn
    continue_training = self.collect_rollouts(self.env, callback, self.rollout_buffer, n_rollout_steps=self.n_steps)
  File "/gpfs/gibbs/project/emonet/asr93/conda_envs/EmonetLab/lib/python3.10/site-packages/sb3_contrib/ppo_recurrent/ppo_recurrent.py", line 254, in collect_rollouts
    new_obs, rewards, dones, infos = env.step(clipped_actions)
  File "/gpfs/gibbs/project/emonet/asr93/conda_envs/EmonetLab/lib/python3.10/site-packages/stable_baselines3/common/vec_env/base_vec_env.py", line 163, in step
    return self.step_wait()
  File "/gpfs/gibbs/project/emonet/asr93/conda_envs/EmonetLab/lib/python3.10/site-packages/stable_baselines3/common/vec_env/dummy_vec_env.py", line 54, in step_wait
    obs, self.buf_rews[env_idx], self.buf_dones[env_idx], self.buf_infos[env_idx] = self.envs[env_idx].step(
  File "/gpfs/gibbs/project/emonet/asr93/conda_envs/EmonetLab/lib/python3.10/site-packages/stable_baselines3/common/monitor.py", line 95, in step
    observation, reward, done, info = self.env.step(action)
  File "/vast/palmer/home.grace/asr93/Navigation/plume_rl/src/environment/gym_environment_class.py", line 156, in step
    self._update_state()
  File "/vast/palmer/home.grace/asr93/Navigation/plume_rl/src/environment/gym_environment_class.py", line 144, in _update_state
    odor_obs = self.odor_features.update(theta = self.fly_spatial_parameters.theta, 
  File "/vast/palmer/home.grace/asr93/Navigation/plume_rl/src/environment/odor_senses.py", line 130, in update
    self._get_left_right_odors(odor_frame=odor_frame)
  File "/vast/palmer/home.grace/asr93/Navigation/plume_rl/src/environment/odor_senses.py", line 110, in _get_left_right_odors
    raise Warning('IndexError in _get_left_right_odors. Setting left_odors to zeros.')
Warning: IndexError in _get_left_right_odors. Setting left_odors to zeros.
