/gpfs/gibbs/project/emonet/asr93/conda_envs/EmonetLab/lib/python3.10/site-packages/gym/spaces/box.py:127: UserWarning: [33mWARN: Box bound precision lowered by casting to float32[0m
  logger.warn(f"Box bound precision lowered by casting to {self.dtype}")
['/vast/palmer/home.grace/asr93/Navigation/plume_rl/src/training_scripts', '/gpfs/gibbs/project/emonet/asr93/conda_envs/EmonetLab/lib/python310.zip', '/gpfs/gibbs/project/emonet/asr93/conda_envs/EmonetLab/lib/python3.10', '/gpfs/gibbs/project/emonet/asr93/conda_envs/EmonetLab/lib/python3.10/lib-dynload', '/gpfs/gibbs/project/emonet/asr93/conda_envs/EmonetLab/lib/python3.10/site-packages', '/vast/palmer/home.grace/asr93/Navigation/plume_rl']
/gpfs/gibbs/project/emonet/asr93/conda_envs/EmonetLab/lib/python3.10/site-packages/gym/spaces/box.py:127: UserWarning: [33mWARN: Box bound precision lowered by casting to float32[0m
  logger.warn(f"Box bound precision lowered by casting to {self.dtype}")
/gpfs/gibbs/project/emonet/asr93/conda_envs/EmonetLab/lib/python3.10/site-packages/gym/spaces/box.py:127: UserWarning: [33mWARN: Box bound precision lowered by casting to float32[0m
  logger.warn(f"Box bound precision lowered by casting to {self.dtype}")
/gpfs/gibbs/project/emonet/asr93/conda_envs/EmonetLab/lib/python3.10/site-packages/gym/spaces/box.py:127: UserWarning: [33mWARN: Box bound precision lowered by casting to float32[0m
  logger.warn(f"Box bound precision lowered by casting to {self.dtype}")
/gpfs/gibbs/project/emonet/asr93/conda_envs/EmonetLab/lib/python3.10/site-packages/gym/spaces/box.py:127: UserWarning: [33mWARN: Box bound precision lowered by casting to float32[0m
  logger.warn(f"Box bound precision lowered by casting to {self.dtype}")
/gpfs/gibbs/project/emonet/asr93/conda_envs/EmonetLab/lib/python3.10/site-packages/gym/spaces/box.py:127: UserWarning: [33mWARN: Box bound precision lowered by casting to float32[0m
  logger.warn(f"Box bound precision lowered by casting to {self.dtype}")
/gpfs/gibbs/project/emonet/asr93/conda_envs/EmonetLab/lib/python3.10/site-packages/gym/spaces/box.py:127: UserWarning: [33mWARN: Box bound precision lowered by casting to float32[0m
  logger.warn(f"Box bound precision lowered by casting to {self.dtype}")
/gpfs/gibbs/project/emonet/asr93/conda_envs/EmonetLab/lib/python3.10/site-packages/gym/spaces/box.py:127: UserWarning: [33mWARN: Box bound precision lowered by casting to float32[0m
  logger.warn(f"Box bound precision lowered by casting to {self.dtype}")
/gpfs/gibbs/project/emonet/asr93/conda_envs/EmonetLab/lib/python3.10/site-packages/gym/spaces/box.py:127: UserWarning: [33mWARN: Box bound precision lowered by casting to float32[0m
  logger.warn(f"Box bound precision lowered by casting to {self.dtype}")
Using cpu device
Logging to ./logs/ppo_recurrent_temporal/RecurrentPPO_1
-----------------------------
| time/              |      |
|    fps             | 638  |
|    iterations      | 1    |
|    time_elapsed    | 6    |
|    total_timesteps | 4096 |
-----------------------------
------------------------------------------
| time/                   |              |
|    fps                  | 601          |
|    iterations           | 2            |
|    time_elapsed         | 13           |
|    total_timesteps      | 8192         |
| train/                  |              |
|    approx_kl            | 4.725477e-05 |
|    clip_fraction        | 0            |
|    clip_range           | 0.2          |
|    entropy_loss         | -1.39        |
|    explained_variance   | -7.22e-05    |
|    learning_rate        | 0.0003       |
|    loss                 | 1.76e+04     |
|    n_updates            | 10           |
|    policy_gradient_loss | -0.000706    |
|    value_loss           | 3.52e+04     |
------------------------------------------
------------------------------------------
| time/                   |              |
|    fps                  | 581          |
|    iterations           | 3            |
|    time_elapsed         | 21           |
|    total_timesteps      | 12288        |
| train/                  |              |
|    approx_kl            | 5.487127e-05 |
|    clip_fraction        | 0            |
|    clip_range           | 0.2          |
|    entropy_loss         | -1.39        |
|    explained_variance   | -0.000453    |
|    learning_rate        | 0.0003       |
|    loss                 | 1.55e+04     |
|    n_updates            | 20           |
|    policy_gradient_loss | -0.000923    |
|    value_loss           | 3.12e+04     |
------------------------------------------
------------------------------------------
| time/                   |              |
|    fps                  | 553          |
|    iterations           | 4            |
|    time_elapsed         | 29           |
|    total_timesteps      | 16384        |
| train/                  |              |
|    approx_kl            | 5.802751e-05 |
|    clip_fraction        | 0            |
|    clip_range           | 0.2          |
|    entropy_loss         | -1.39        |
|    explained_variance   | -0.000682    |
|    learning_rate        | 0.0003       |
|    loss                 | 1.4e+04      |
|    n_updates            | 30           |
|    policy_gradient_loss | -0.000979    |
|    value_loss           | 2.81e+04     |
------------------------------------------
-------------------------------------------
| time/                   |               |
|    fps                  | 557           |
|    iterations           | 5             |
|    time_elapsed         | 36            |
|    total_timesteps      | 20480         |
| train/                  |               |
|    approx_kl            | 5.3941752e-05 |
|    clip_fraction        | 0             |
|    clip_range           | 0.2           |
|    entropy_loss         | -1.39         |
|    explained_variance   | -0.00185      |
|    learning_rate        | 0.0003        |
|    loss                 | 1.56e+04      |
|    n_updates            | 40            |
|    policy_gradient_loss | -0.00108      |
|    value_loss           | 3.14e+04      |
-------------------------------------------
-------------------------------------------
| time/                   |               |
|    fps                  | 518           |
|    iterations           | 6             |
|    time_elapsed         | 47            |
|    total_timesteps      | 24576         |
| train/                  |               |
|    approx_kl            | 4.5249093e-05 |
|    clip_fraction        | 0             |
|    clip_range           | 0.2           |
|    entropy_loss         | -1.38         |
|    explained_variance   | -0.00244      |
|    learning_rate        | 0.0003        |
|    loss                 | 1.46e+04      |
|    n_updates            | 50            |
|    policy_gradient_loss | -0.000965     |
|    value_loss           | 2.95e+04      |
-------------------------------------------
-----------------------------------------
| time/                   |             |
|    fps                  | 525         |
|    iterations           | 7           |
|    time_elapsed         | 54          |
|    total_timesteps      | 28672       |
| train/                  |             |
|    approx_kl            | 3.59907e-05 |
|    clip_fraction        | 0           |
|    clip_range           | 0.2         |
|    entropy_loss         | -1.38       |
|    explained_variance   | -0.00331    |
|    learning_rate        | 0.0003      |
|    loss                 | 1.41e+04    |
|    n_updates            | 60          |
|    policy_gradient_loss | -0.00087    |
|    value_loss           | 2.85e+04    |
-----------------------------------------
-------------------------------------------
| time/                   |               |
|    fps                  | 526           |
|    iterations           | 8             |
|    time_elapsed         | 62            |
|    total_timesteps      | 32768         |
| train/                  |               |
|    approx_kl            | 3.4330995e-05 |
|    clip_fraction        | 0             |
|    clip_range           | 0.2           |
|    entropy_loss         | -1.38         |
|    explained_variance   | -0.00164      |
|    learning_rate        | 0.0003        |
|    loss                 | 1.38e+04      |
|    n_updates            | 70            |
|    policy_gradient_loss | -0.000818     |
|    value_loss           | 2.78e+04      |
-------------------------------------------
-------------------------------------------
| time/                   |               |
|    fps                  | 527           |
|    iterations           | 9             |
|    time_elapsed         | 69            |
|    total_timesteps      | 36864         |
| train/                  |               |
|    approx_kl            | 2.7615111e-05 |
|    clip_fraction        | 0             |
|    clip_range           | 0.2           |
|    entropy_loss         | -1.38         |
|    explained_variance   | -0.000572     |
|    learning_rate        | 0.0003        |
|    loss                 | 1.45e+04      |
|    n_updates            | 80            |
|    policy_gradient_loss | -0.000529     |
|    value_loss           | 2.9e+04       |
-------------------------------------------
-------------------------------------------
| time/                   |               |
|    fps                  | 510           |
|    iterations           | 10            |
|    time_elapsed         | 80            |
|    total_timesteps      | 40960         |
| train/                  |               |
|    approx_kl            | 3.0242372e-05 |
|    clip_fraction        | 0             |
|    clip_range           | 0.2           |
|    entropy_loss         | -1.38         |
|    explained_variance   | 0.000206      |
|    learning_rate        | 0.0003        |
|    loss                 | 1.28e+04      |
|    n_updates            | 90            |
|    policy_gradient_loss | -0.000765     |
|    value_loss           | 2.57e+04      |
-------------------------------------------
-------------------------------------------
| time/                   |               |
|    fps                  | 513           |
|    iterations           | 11            |
|    time_elapsed         | 87            |
|    total_timesteps      | 45056         |
| train/                  |               |
|    approx_kl            | 2.7184054e-05 |
|    clip_fraction        | 0             |
|    clip_range           | 0.2           |
|    entropy_loss         | -1.38         |
|    explained_variance   | -0.000532     |
|    learning_rate        | 0.0003        |
|    loss                 | 1.37e+04      |
|    n_updates            | 100           |
|    policy_gradient_loss | -0.000496     |
|    value_loss           | 2.75e+04      |
-------------------------------------------
-------------------------------------------
| time/                   |               |
|    fps                  | 500           |
|    iterations           | 12            |
|    time_elapsed         | 98            |
|    total_timesteps      | 49152         |
| train/                  |               |
|    approx_kl            | 3.1328964e-05 |
|    clip_fraction        | 0             |
|    clip_range           | 0.2           |
|    entropy_loss         | -1.38         |
|    explained_variance   | -0.000583     |
|    learning_rate        | 0.0003        |
|    loss                 | 1.35e+04      |
|    n_updates            | 110           |
|    policy_gradient_loss | -0.000795     |
|    value_loss           | 2.69e+04      |
-------------------------------------------
-------------------------------------------
| time/                   |               |
|    fps                  | 503           |
|    iterations           | 13            |
|    time_elapsed         | 105           |
|    total_timesteps      | 53248         |
| train/                  |               |
|    approx_kl            | 4.0675266e-05 |
|    clip_fraction        | 0             |
|    clip_range           | 0.2           |
|    entropy_loss         | -1.38         |
|    explained_variance   | -0.000273     |
|    learning_rate        | 0.0003        |
|    loss                 | 1.35e+04      |
|    n_updates            | 120           |
|    policy_gradient_loss | -0.000958     |
|    value_loss           | 2.7e+04       |
-------------------------------------------
Traceback (most recent call last):
  File "/vast/palmer/home.grace/asr93/Navigation/plume_rl/src/training_scripts/train_rnn_baseline.py", line 87, in <module>
    model = train_model(config_dict)
  File "/vast/palmer/home.grace/asr93/Navigation/plume_rl/src/models/rnn_baseline.py", line 30, in train_model
    model.save(os.path.join('.', 'src', 'trained_models', training_dict['model_name']))
NameError: name 'os' is not defined
