/gpfs/gibbs/project/emonet/asr93/conda_envs/EmonetLab/lib/python3.10/site-packages/gym/spaces/box.py:127: UserWarning: [33mWARN: Box bound precision lowered by casting to float32[0m
  logger.warn(f"Box bound precision lowered by casting to {self.dtype}")
['/vast/palmer/home.grace/asr93/Navigation/plume_rl/src/training_scripts', '/gpfs/gibbs/project/emonet/asr93/conda_envs/EmonetLab/lib/python310.zip', '/gpfs/gibbs/project/emonet/asr93/conda_envs/EmonetLab/lib/python3.10', '/gpfs/gibbs/project/emonet/asr93/conda_envs/EmonetLab/lib/python3.10/lib-dynload', '/gpfs/gibbs/project/emonet/asr93/conda_envs/EmonetLab/lib/python3.10/site-packages', '/vast/palmer/home.grace/asr93/Navigation/plume_rl']
/gpfs/gibbs/project/emonet/asr93/conda_envs/EmonetLab/lib/python3.10/site-packages/gym/spaces/box.py:127: UserWarning: [33mWARN: Box bound precision lowered by casting to float32[0m
  logger.warn(f"Box bound precision lowered by casting to {self.dtype}")
/gpfs/gibbs/project/emonet/asr93/conda_envs/EmonetLab/lib/python3.10/site-packages/gym/spaces/box.py:127: UserWarning: [33mWARN: Box bound precision lowered by casting to float32[0m
  logger.warn(f"Box bound precision lowered by casting to {self.dtype}")
/gpfs/gibbs/project/emonet/asr93/conda_envs/EmonetLab/lib/python3.10/site-packages/gym/spaces/box.py:127: UserWarning: [33mWARN: Box bound precision lowered by casting to float32[0m
  logger.warn(f"Box bound precision lowered by casting to {self.dtype}")
/gpfs/gibbs/project/emonet/asr93/conda_envs/EmonetLab/lib/python3.10/site-packages/gym/spaces/box.py:127: UserWarning: [33mWARN: Box bound precision lowered by casting to float32[0m
  logger.warn(f"Box bound precision lowered by casting to {self.dtype}")
/gpfs/gibbs/project/emonet/asr93/conda_envs/EmonetLab/lib/python3.10/site-packages/gym/spaces/box.py:127: UserWarning: [33mWARN: Box bound precision lowered by casting to float32[0m
  logger.warn(f"Box bound precision lowered by casting to {self.dtype}")
/gpfs/gibbs/project/emonet/asr93/conda_envs/EmonetLab/lib/python3.10/site-packages/gym/spaces/box.py:127: UserWarning: [33mWARN: Box bound precision lowered by casting to float32[0m
  logger.warn(f"Box bound precision lowered by casting to {self.dtype}")
/gpfs/gibbs/project/emonet/asr93/conda_envs/EmonetLab/lib/python3.10/site-packages/gym/spaces/box.py:127: UserWarning: [33mWARN: Box bound precision lowered by casting to float32[0m
  logger.warn(f"Box bound precision lowered by casting to {self.dtype}")
/gpfs/gibbs/project/emonet/asr93/conda_envs/EmonetLab/lib/python3.10/site-packages/gym/spaces/box.py:127: UserWarning: [33mWARN: Box bound precision lowered by casting to float32[0m
  logger.warn(f"Box bound precision lowered by casting to {self.dtype}")
Using cpu device
Logging to ./logs/ppo_recurrent_temporal/RecurrentPPO_3
-----------------------------
| time/              |      |
|    fps             | 1229 |
|    iterations      | 1    |
|    time_elapsed    | 3    |
|    total_timesteps | 4096 |
-----------------------------
-------------------------------------------
| time/                   |               |
|    fps                  | 765           |
|    iterations           | 2             |
|    time_elapsed         | 10            |
|    total_timesteps      | 8192          |
| train/                  |               |
|    approx_kl            | 4.7980517e-05 |
|    clip_fraction        | 0             |
|    clip_range           | 0.2           |
|    entropy_loss         | -1.39         |
|    explained_variance   | 4.09e-05      |
|    learning_rate        | 0.0003        |
|    loss                 | 1.76e+04      |
|    n_updates            | 10            |
|    policy_gradient_loss | -0.000715     |
|    value_loss           | 3.53e+04      |
-------------------------------------------
-------------------------------------------
| time/                   |               |
|    fps                  | 675           |
|    iterations           | 3             |
|    time_elapsed         | 18            |
|    total_timesteps      | 12288         |
| train/                  |               |
|    approx_kl            | 5.6466408e-05 |
|    clip_fraction        | 0             |
|    clip_range           | 0.2           |
|    entropy_loss         | -1.39         |
|    explained_variance   | -0.000492     |
|    learning_rate        | 0.0003        |
|    loss                 | 1.6e+04       |
|    n_updates            | 20            |
|    policy_gradient_loss | -0.000986     |
|    value_loss           | 3.2e+04       |
-------------------------------------------
-------------------------------------------
| time/                   |               |
|    fps                  | 630           |
|    iterations           | 4             |
|    time_elapsed         | 25            |
|    total_timesteps      | 16384         |
| train/                  |               |
|    approx_kl            | 5.9427097e-05 |
|    clip_fraction        | 0             |
|    clip_range           | 0.2           |
|    entropy_loss         | -1.39         |
|    explained_variance   | -0.000462     |
|    learning_rate        | 0.0003        |
|    loss                 | 1.45e+04      |
|    n_updates            | 30            |
|    policy_gradient_loss | -0.000968     |
|    value_loss           | 2.91e+04      |
-------------------------------------------
-------------------------------------------
| time/                   |               |
|    fps                  | 568           |
|    iterations           | 5             |
|    time_elapsed         | 36            |
|    total_timesteps      | 20480         |
| train/                  |               |
|    approx_kl            | 5.5902245e-05 |
|    clip_fraction        | 0             |
|    clip_range           | 0.2           |
|    entropy_loss         | -1.39         |
|    explained_variance   | -0.000191     |
|    learning_rate        | 0.0003        |
|    loss                 | 1.53e+04      |
|    n_updates            | 40            |
|    policy_gradient_loss | -0.00106      |
|    value_loss           | 3.07e+04      |
-------------------------------------------
------------------------------------------
| time/                   |              |
|    fps                  | 542          |
|    iterations           | 6            |
|    time_elapsed         | 45           |
|    total_timesteps      | 24576        |
| train/                  |              |
|    approx_kl            | 4.518073e-05 |
|    clip_fraction        | 0            |
|    clip_range           | 0.2          |
|    entropy_loss         | -1.38        |
|    explained_variance   | -0.00275     |
|    learning_rate        | 0.0003       |
|    loss                 | 1.46e+04     |
|    n_updates            | 50           |
|    policy_gradient_loss | -0.000937    |
|    value_loss           | 2.95e+04     |
------------------------------------------
-------------------------------------------
| time/                   |               |
|    fps                  | 533           |
|    iterations           | 7             |
|    time_elapsed         | 53            |
|    total_timesteps      | 28672         |
| train/                  |               |
|    approx_kl            | 3.8990154e-05 |
|    clip_fraction        | 0             |
|    clip_range           | 0.2           |
|    entropy_loss         | -1.38         |
|    explained_variance   | -0.00329      |
|    learning_rate        | 0.0003        |
|    loss                 | 1.43e+04      |
|    n_updates            | 60            |
|    policy_gradient_loss | -0.000872     |
|    value_loss           | 2.87e+04      |
-------------------------------------------
-------------------------------------------
| time/                   |               |
|    fps                  | 534           |
|    iterations           | 8             |
|    time_elapsed         | 61            |
|    total_timesteps      | 32768         |
| train/                  |               |
|    approx_kl            | 3.7195336e-05 |
|    clip_fraction        | 0             |
|    clip_range           | 0.2           |
|    entropy_loss         | -1.38         |
|    explained_variance   | -0.00207      |
|    learning_rate        | 0.0003        |
|    loss                 | 1.39e+04      |
|    n_updates            | 70            |
|    policy_gradient_loss | -0.000839     |
|    value_loss           | 2.81e+04      |
-------------------------------------------
-------------------------------------------
| time/                   |               |
|    fps                  | 512           |
|    iterations           | 9             |
|    time_elapsed         | 71            |
|    total_timesteps      | 36864         |
| train/                  |               |
|    approx_kl            | 3.1215488e-05 |
|    clip_fraction        | 0             |
|    clip_range           | 0.2           |
|    entropy_loss         | -1.38         |
|    explained_variance   | -0.00071      |
|    learning_rate        | 0.0003        |
|    loss                 | 1.5e+04       |
|    n_updates            | 80            |
|    policy_gradient_loss | -0.0006       |
|    value_loss           | 3e+04         |
-------------------------------------------
-----------------------------------------
| time/                   |             |
|    fps                  | 509         |
|    iterations           | 10          |
|    time_elapsed         | 80          |
|    total_timesteps      | 40960       |
| train/                  |             |
|    approx_kl            | 3.26921e-05 |
|    clip_fraction        | 0           |
|    clip_range           | 0.2         |
|    entropy_loss         | -1.38       |
|    explained_variance   | -0.000993   |
|    learning_rate        | 0.0003      |
|    loss                 | 1.24e+04    |
|    n_updates            | 90          |
|    policy_gradient_loss | -0.000787   |
|    value_loss           | 2.49e+04    |
-----------------------------------------
-------------------------------------------
| time/                   |               |
|    fps                  | 500           |
|    iterations           | 11            |
|    time_elapsed         | 90            |
|    total_timesteps      | 45056         |
| train/                  |               |
|    approx_kl            | 3.1321266e-05 |
|    clip_fraction        | 0             |
|    clip_range           | 0.2           |
|    entropy_loss         | -1.38         |
|    explained_variance   | -0.00056      |
|    learning_rate        | 0.0003        |
|    loss                 | 1.37e+04      |
|    n_updates            | 100           |
|    policy_gradient_loss | -0.000582     |
|    value_loss           | 2.75e+04      |
-------------------------------------------
-------------------------------------------
| time/                   |               |
|    fps                  | 500           |
|    iterations           | 12            |
|    time_elapsed         | 98            |
|    total_timesteps      | 49152         |
| train/                  |               |
|    approx_kl            | 3.2100943e-05 |
|    clip_fraction        | 0             |
|    clip_range           | 0.2           |
|    entropy_loss         | -1.38         |
|    explained_variance   | -0.000242     |
|    learning_rate        | 0.0003        |
|    loss                 | 1.29e+04      |
|    n_updates            | 110           |
|    policy_gradient_loss | -0.000754     |
|    value_loss           | 2.58e+04      |
-------------------------------------------
------------------------------------------
| time/                   |              |
|    fps                  | 501          |
|    iterations           | 13           |
|    time_elapsed         | 106          |
|    total_timesteps      | 53248        |
| train/                  |              |
|    approx_kl            | 4.456195e-05 |
|    clip_fraction        | 0            |
|    clip_range           | 0.2          |
|    entropy_loss         | -1.38        |
|    explained_variance   | -0.00129     |
|    learning_rate        | 0.0003       |
|    loss                 | 1.23e+04     |
|    n_updates            | 120          |
|    policy_gradient_loss | -0.00106     |
|    value_loss           | 2.47e+04     |
------------------------------------------
/gpfs/gibbs/project/emonet/asr93/conda_envs/EmonetLab/lib/python3.10/site-packages/stable_baselines3/common/save_util.py:278: UserWarning: Path 'src/trained_models' does not exist. Will create it.
  warnings.warn(f"Path '{path.parent}' does not exist. Will create it.")
/gpfs/gibbs/project/emonet/asr93/conda_envs/EmonetLab/lib/python3.10/site-packages/gym/spaces/box.py:127: UserWarning: [33mWARN: Box bound precision lowered by casting to float32[0m
  logger.warn(f"Box bound precision lowered by casting to {self.dtype}")
Traceback (most recent call last):
  File "/vast/palmer/home.grace/asr93/Navigation/plume_rl/src/training_scripts/train_rnn_baseline.py", line 91, in <module>
    render_env = gym.make(FlyNavigator(rng, config_dict))
  File "/gpfs/gibbs/project/emonet/asr93/conda_envs/EmonetLab/lib/python3.10/site-packages/gym/envs/registration.py", line 537, in make
    module, id = (None, id) if ":" not in id else id.split(":")
TypeError: argument of type 'FlyNavigator' is not iterable
