/gpfs/gibbs/project/emonet/asr93/conda_envs/EmonetLab/lib/python3.10/site-packages/gym/spaces/box.py:127: UserWarning: [33mWARN: Box bound precision lowered by casting to float32[0m
  logger.warn(f"Box bound precision lowered by casting to {self.dtype}")
['/vast/palmer/home.grace/asr93/Navigation/plume_rl/src/training_scripts', '/gpfs/gibbs/project/emonet/asr93/conda_envs/EmonetLab/lib/python310.zip', '/gpfs/gibbs/project/emonet/asr93/conda_envs/EmonetLab/lib/python3.10', '/gpfs/gibbs/project/emonet/asr93/conda_envs/EmonetLab/lib/python3.10/lib-dynload', '/gpfs/gibbs/project/emonet/asr93/conda_envs/EmonetLab/lib/python3.10/site-packages', '/vast/palmer/home.grace/asr93/Navigation/plume_rl']
/gpfs/gibbs/project/emonet/asr93/conda_envs/EmonetLab/lib/python3.10/site-packages/gym/spaces/box.py:127: UserWarning: [33mWARN: Box bound precision lowered by casting to float32[0m
  logger.warn(f"Box bound precision lowered by casting to {self.dtype}")
/gpfs/gibbs/project/emonet/asr93/conda_envs/EmonetLab/lib/python3.10/site-packages/gym/spaces/box.py:127: UserWarning: [33mWARN: Box bound precision lowered by casting to float32[0m
  logger.warn(f"Box bound precision lowered by casting to {self.dtype}")
/gpfs/gibbs/project/emonet/asr93/conda_envs/EmonetLab/lib/python3.10/site-packages/gym/spaces/box.py:127: UserWarning: [33mWARN: Box bound precision lowered by casting to float32[0m
  logger.warn(f"Box bound precision lowered by casting to {self.dtype}")
/gpfs/gibbs/project/emonet/asr93/conda_envs/EmonetLab/lib/python3.10/site-packages/gym/spaces/box.py:127: UserWarning: [33mWARN: Box bound precision lowered by casting to float32[0m
  logger.warn(f"Box bound precision lowered by casting to {self.dtype}")
/gpfs/gibbs/project/emonet/asr93/conda_envs/EmonetLab/lib/python3.10/site-packages/gym/spaces/box.py:127: UserWarning: [33mWARN: Box bound precision lowered by casting to float32[0m
  logger.warn(f"Box bound precision lowered by casting to {self.dtype}")
/gpfs/gibbs/project/emonet/asr93/conda_envs/EmonetLab/lib/python3.10/site-packages/gym/spaces/box.py:127: UserWarning: [33mWARN: Box bound precision lowered by casting to float32[0m
  logger.warn(f"Box bound precision lowered by casting to {self.dtype}")
/gpfs/gibbs/project/emonet/asr93/conda_envs/EmonetLab/lib/python3.10/site-packages/gym/spaces/box.py:127: UserWarning: [33mWARN: Box bound precision lowered by casting to float32[0m
  logger.warn(f"Box bound precision lowered by casting to {self.dtype}")
/gpfs/gibbs/project/emonet/asr93/conda_envs/EmonetLab/lib/python3.10/site-packages/gym/spaces/box.py:127: UserWarning: [33mWARN: Box bound precision lowered by casting to float32[0m
  logger.warn(f"Box bound precision lowered by casting to {self.dtype}")
Using cpu device
Logging to ./logs/ppo_recurrent_temporal/RecurrentPPO_2
-----------------------------
| time/              |      |
|    fps             | 597  |
|    iterations      | 1    |
|    time_elapsed    | 6    |
|    total_timesteps | 4096 |
-----------------------------
-------------------------------------------
| time/                   |               |
|    fps                  | 571           |
|    iterations           | 2             |
|    time_elapsed         | 14            |
|    total_timesteps      | 8192          |
| train/                  |               |
|    approx_kl            | 3.6431447e-05 |
|    clip_fraction        | 0             |
|    clip_range           | 0.2           |
|    entropy_loss         | -1.39         |
|    explained_variance   | 0.000143      |
|    learning_rate        | 0.0003        |
|    loss                 | 1.8e+04       |
|    n_updates            | 10            |
|    policy_gradient_loss | -0.000567     |
|    value_loss           | 3.61e+04      |
-------------------------------------------
------------------------------------------
| time/                   |              |
|    fps                  | 553          |
|    iterations           | 3            |
|    time_elapsed         | 22           |
|    total_timesteps      | 12288        |
| train/                  |              |
|    approx_kl            | 4.957324e-05 |
|    clip_fraction        | 0            |
|    clip_range           | 0.2          |
|    entropy_loss         | -1.39        |
|    explained_variance   | -4.29e-06    |
|    learning_rate        | 0.0003       |
|    loss                 | 1.53e+04     |
|    n_updates            | 20           |
|    policy_gradient_loss | -0.000934    |
|    value_loss           | 3.07e+04     |
------------------------------------------
-------------------------------------------
| time/                   |               |
|    fps                  | 538           |
|    iterations           | 4             |
|    time_elapsed         | 30            |
|    total_timesteps      | 16384         |
| train/                  |               |
|    approx_kl            | 5.5141558e-05 |
|    clip_fraction        | 0             |
|    clip_range           | 0.2           |
|    entropy_loss         | -1.39         |
|    explained_variance   | -0.00068      |
|    learning_rate        | 0.0003        |
|    loss                 | 1.55e+04      |
|    n_updates            | 30            |
|    policy_gradient_loss | -0.000943     |
|    value_loss           | 3.11e+04      |
-------------------------------------------
------------------------------------------
| time/                   |              |
|    fps                  | 542          |
|    iterations           | 5            |
|    time_elapsed         | 37           |
|    total_timesteps      | 20480        |
| train/                  |              |
|    approx_kl            | 5.622288e-05 |
|    clip_fraction        | 0            |
|    clip_range           | 0.2          |
|    entropy_loss         | -1.39        |
|    explained_variance   | -0.00117     |
|    learning_rate        | 0.0003       |
|    loss                 | 1.51e+04     |
|    n_updates            | 40           |
|    policy_gradient_loss | -0.00112     |
|    value_loss           | 3.03e+04     |
------------------------------------------
-------------------------------------------
| time/                   |               |
|    fps                  | 541           |
|    iterations           | 6             |
|    time_elapsed         | 45            |
|    total_timesteps      | 24576         |
| train/                  |               |
|    approx_kl            | 4.4220273e-05 |
|    clip_fraction        | 0             |
|    clip_range           | 0.2           |
|    entropy_loss         | -1.39         |
|    explained_variance   | -0.000433     |
|    learning_rate        | 0.0003        |
|    loss                 | 1.51e+04      |
|    n_updates            | 50            |
|    policy_gradient_loss | -0.000889     |
|    value_loss           | 3.03e+04      |
-------------------------------------------
-------------------------------------------
| time/                   |               |
|    fps                  | 540           |
|    iterations           | 7             |
|    time_elapsed         | 53            |
|    total_timesteps      | 28672         |
| train/                  |               |
|    approx_kl            | 3.2775293e-05 |
|    clip_fraction        | 0             |
|    clip_range           | 0.2           |
|    entropy_loss         | -1.38         |
|    explained_variance   | -0.00299      |
|    learning_rate        | 0.0003        |
|    loss                 | 1.4e+04       |
|    n_updates            | 60            |
|    policy_gradient_loss | -0.000763     |
|    value_loss           | 2.81e+04      |
-------------------------------------------
-------------------------------------------
| time/                   |               |
|    fps                  | 544           |
|    iterations           | 8             |
|    time_elapsed         | 60            |
|    total_timesteps      | 32768         |
| train/                  |               |
|    approx_kl            | 2.9265662e-05 |
|    clip_fraction        | 0             |
|    clip_range           | 0.2           |
|    entropy_loss         | -1.38         |
|    explained_variance   | 0.000376      |
|    learning_rate        | 0.0003        |
|    loss                 | 1.37e+04      |
|    n_updates            | 70            |
|    policy_gradient_loss | -0.000745     |
|    value_loss           | 2.77e+04      |
-------------------------------------------
-------------------------------------------
| time/                   |               |
|    fps                  | 538           |
|    iterations           | 9             |
|    time_elapsed         | 68            |
|    total_timesteps      | 36864         |
| train/                  |               |
|    approx_kl            | 2.6233858e-05 |
|    clip_fraction        | 0             |
|    clip_range           | 0.2           |
|    entropy_loss         | -1.38         |
|    explained_variance   | -0.000419     |
|    learning_rate        | 0.0003        |
|    loss                 | 1.44e+04      |
|    n_updates            | 80            |
|    policy_gradient_loss | -0.000547     |
|    value_loss           | 2.9e+04       |
-------------------------------------------
-------------------------------------------
| time/                   |               |
|    fps                  | 535           |
|    iterations           | 10            |
|    time_elapsed         | 76            |
|    total_timesteps      | 40960         |
| train/                  |               |
|    approx_kl            | 2.7624395e-05 |
|    clip_fraction        | 0             |
|    clip_range           | 0.2           |
|    entropy_loss         | -1.38         |
|    explained_variance   | -0.000849     |
|    learning_rate        | 0.0003        |
|    loss                 | 1.39e+04      |
|    n_updates            | 90            |
|    policy_gradient_loss | -0.000736     |
|    value_loss           | 2.78e+04      |
-------------------------------------------
-------------------------------------------
| time/                   |               |
|    fps                  | 535           |
|    iterations           | 11            |
|    time_elapsed         | 84            |
|    total_timesteps      | 45056         |
| train/                  |               |
|    approx_kl            | 3.5692763e-05 |
|    clip_fraction        | 0             |
|    clip_range           | 0.2           |
|    entropy_loss         | -1.38         |
|    explained_variance   | -0.000579     |
|    learning_rate        | 0.0003        |
|    loss                 | 1.38e+04      |
|    n_updates            | 100           |
|    policy_gradient_loss | -0.000904     |
|    value_loss           | 2.77e+04      |
-------------------------------------------
------------------------------------------
| time/                   |              |
|    fps                  | 523          |
|    iterations           | 12           |
|    time_elapsed         | 93           |
|    total_timesteps      | 49152        |
| train/                  |              |
|    approx_kl            | 4.073576e-05 |
|    clip_fraction        | 0            |
|    clip_range           | 0.2          |
|    entropy_loss         | -1.38        |
|    explained_variance   | -0.00167     |
|    learning_rate        | 0.0003       |
|    loss                 | 1.23e+04     |
|    n_updates            | 110          |
|    policy_gradient_loss | -0.000924    |
|    value_loss           | 2.47e+04     |
------------------------------------------
-------------------------------------------
| time/                   |               |
|    fps                  | 523           |
|    iterations           | 13            |
|    time_elapsed         | 101           |
|    total_timesteps      | 53248         |
| train/                  |               |
|    approx_kl            | 4.2119995e-05 |
|    clip_fraction        | 0             |
|    clip_range           | 0.2           |
|    entropy_loss         | -1.38         |
|    explained_variance   | -0.000754     |
|    learning_rate        | 0.0003        |
|    loss                 | 1.29e+04      |
|    n_updates            | 120           |
|    policy_gradient_loss | -0.000944     |
|    value_loss           | 2.58e+04      |
-------------------------------------------
Traceback (most recent call last):
  File "/vast/palmer/home.grace/asr93/Navigation/plume_rl/src/training_scripts/train_rnn_baseline.py", line 87, in <module>
    model = train_model(config_dict)
  File "/vast/palmer/home.grace/asr93/Navigation/plume_rl/src/models/rnn_baseline.py", line 30, in train_model
    model.save(os.path.join('.', 'src', 'trained_models', training_dict['model_name']))
NameError: name 'os' is not defined
